<?xml version="1.0" encoding="UTF-8"?>
<!-- Generated by org.testng.reporters.JUnitReportReporter -->
<testsuite hostname="joseluiv01" failures="0" tests="1" name="JAC.SeleniumTest" time="10.498" errors="0" timestamp="28 May 2021 14:57:32 GMT">
  <testcase classname="JAC.SeleniumTest" name="AmazonTitleTest" time="10.498"/>
</testsuite> <!-- JAC.SeleniumTest -->
